<?xml version="1.1" encoding="UTF-8" standalone="no"?>
<databaseChangeLog xmlns="http://www.liquibase.org/xml/ns/dbchangelog"
                   xmlns:ext="http://www.liquibase.org/xml/ns/dbchangelog-ext"
                   xmlns:xsi="http://www.w3.org/2001/XMLSchema-instance"
                   xsi:schemaLocation="http://www.liquibase.org/xml/ns/dbchangelog-ext http://www.liquibase.org/xml/ns/dbchangelog/dbchangelog-ext.xsd
http://www.liquibase.org/xml/ns/dbchangelog http://www.liquibase.org/xml/ns/dbchangelog/dbchangelog-latest.xsd" changeLogId="dacc59c9-e3b3-4afc-8f88-2e949374623e">

    <!-- SETUP: Create tables for other objects to use. -->
    <changeSet author="Liquibase Test User" id="1::testFastCheck2" context="testContext2" labels="testLabel2">
        <tagDatabase tag="Test Tag Database" />
    </changeSet>
</databaseChangeLog>
