<?xml version="1.1" encoding="UTF-8" standalone="no"?>
<databaseChangeLog xmlns="http://www.liquibase.org/xml/ns/dbchangelog"
                   xmlns:ext="http://www.liquibase.org/xml/ns/dbchangelog-ext"
                   xmlns:xsi="http://www.w3.org/2001/XMLSchema-instance"
                   xmlns:pro="http://www.liquibase.org/xml/ns/pro"
                   xsi:schemaLocation="http://www.liquibase.org/xml/ns/dbchangelog-ext http://www.liquibase.org/xml/ns/dbchangelog/dbchangelog-ext.xsd
http://www.liquibase.org/xml/ns/dbchangelog http://www.liquibase.org/xml/ns/dbchangelog/dbchangelog-latest.xsd
  http://www.liquibase.org/xml/ns/pro http://www.liquibase.org/xml/ns/pro/liquibase-pro-latest.xsd">

    <changeSet id="create-table-with-clob-types" author="tfernandez">
        <createTable tableName="testClobs">
            <column name="col1" type="text"/>
            <column name="col2" type="longtext"/>
            <column name="col3" type="longvarchar"/>
        </createTable>
    </changeSet>

    <changeSet id="load-data-to-table" author="tfernandez">
        <loadData tableName="testClobs" file="change/core/sample.data.for.clob.types.csv" relativeToChangelogFile="true"/>
    </changeSet>

</databaseChangeLog>